[0.006s] Invoking command in '/home/dong/ros2_ws/build/unitree_legged_real': CMAKE_PREFIX_PATH=/home/dong/ros2_ws/install/ros2_unitree_legged_msgs:/home/dong/ros2_ws/install/unitree_legged_real:/opt/ros/humble LD_LIBRARY_PATH=/home/dong/ros2_ws/install/ros2_unitree_legged_msgs/lib:/home/dong/ros2_ws/install/unitree_legged_real/lib:/opt/ros/humble/opt/rviz_ogre_vendor/lib:/opt/ros/humble/lib/x86_64-linux-gnu:/opt/ros/humble/lib /usr/bin/cmake /home/dong/ros2_ws/src/unitree_ros2_to_real -DCMAKE_INSTALL_PREFIX=/home/dong/ros2_ws/install/unitree_legged_real
[0.042s] -- The C compiler identification is GNU 11.4.0
[0.078s] -- The CXX compiler identification is GNU 11.4.0
[0.082s] -- Detecting C compiler ABI info
[0.125s] -- Detecting C compiler ABI info - done
[0.130s] -- Check for working C compiler: /usr/bin/cc - skipped
[0.130s] -- Detecting C compile features
[0.130s] -- Detecting C compile features - done
[0.132s] -- Detecting CXX compiler ABI info
[0.184s] -- Detecting CXX compiler ABI info - done
[0.188s] -- Check for working CXX compiler: /usr/bin/c++ - skipped
[0.188s] -- Detecting CXX compile features
[0.189s] -- Detecting CXX compile features - done
[0.190s] -- Found ament_cmake: 1.3.8 (/opt/ros/humble/share/ament_cmake/cmake)
[0.413s] -- Found Python3: /usr/bin/python3 (found version "3.10.12") found components: Interpreter 
[0.472s] -- Found rclcpp: 16.0.8 (/opt/ros/humble/share/rclcpp/cmake)
[0.502s] -- Found rosidl_generator_c: 3.1.5 (/opt/ros/humble/share/rosidl_generator_c/cmake)
[0.506s] -- Found rosidl_adapter: 3.1.5 (/opt/ros/humble/share/rosidl_adapter/cmake)
[0.512s] -- Found rosidl_generator_cpp: 3.1.5 (/opt/ros/humble/share/rosidl_generator_cpp/cmake)
[0.521s] -- Using all available rosidl_typesupport_c: rosidl_typesupport_fastrtps_c;rosidl_typesupport_introspection_c
[0.534s] -- Using all available rosidl_typesupport_cpp: rosidl_typesupport_fastrtps_cpp;rosidl_typesupport_introspection_cpp
[0.583s] -- Found rmw_implementation_cmake: 6.1.1 (/opt/ros/humble/share/rmw_implementation_cmake/cmake)
[0.585s] -- Found rmw_fastrtps_cpp: 6.2.6 (/opt/ros/humble/share/rmw_fastrtps_cpp/cmake)
[0.654s] -- Found OpenSSL: /usr/lib/x86_64-linux-gnu/libcrypto.so (found version "3.0.2")  
[0.673s] -- Found FastRTPS: /opt/ros/humble/include  
[0.707s] -- Using RMW implementation 'rmw_fastrtps_cpp' as default
[0.714s] -- Looking for pthread.h
[0.760s] -- Looking for pthread.h - found
[0.760s] -- Performing Test CMAKE_HAVE_LIBC_PTHREAD
[0.807s] -- Performing Test CMAKE_HAVE_LIBC_PTHREAD - Success
[0.808s] -- Found Threads: TRUE  
[0.917s] -- Found rclpy: 3.3.12 (/opt/ros/humble/share/rclpy/cmake)
[0.917s] -- Found ros2_unitree_legged_msgs: 0.4.0 (/home/dong/ros2_ws/install/ros2_unitree_legged_msgs/share/ros2_unitree_legged_msgs/cmake)
[0.926s] [0m-- CMAKE_SYSTEM_PROCESSOR: x86_64[0m
[0.984s] -- Configuring done
[0.992s] -- Generating done
[0.992s] -- Build files have been written to: /home/dong/ros2_ws/build/unitree_legged_real
[1.000s] Invoked command in '/home/dong/ros2_ws/build/unitree_legged_real' returned '0': CMAKE_PREFIX_PATH=/home/dong/ros2_ws/install/ros2_unitree_legged_msgs:/home/dong/ros2_ws/install/unitree_legged_real:/opt/ros/humble LD_LIBRARY_PATH=/home/dong/ros2_ws/install/ros2_unitree_legged_msgs/lib:/home/dong/ros2_ws/install/unitree_legged_real/lib:/opt/ros/humble/opt/rviz_ogre_vendor/lib:/opt/ros/humble/lib/x86_64-linux-gnu:/opt/ros/humble/lib /usr/bin/cmake /home/dong/ros2_ws/src/unitree_ros2_to_real -DCMAKE_INSTALL_PREFIX=/home/dong/ros2_ws/install/unitree_legged_real
[1.000s] Invoking command in '/home/dong/ros2_ws/build/unitree_legged_real': CMAKE_PREFIX_PATH=/home/dong/ros2_ws/install/ros2_unitree_legged_msgs:/home/dong/ros2_ws/install/unitree_legged_real:/opt/ros/humble LD_LIBRARY_PATH=/home/dong/ros2_ws/install/ros2_unitree_legged_msgs/lib:/home/dong/ros2_ws/install/unitree_legged_real/lib:/opt/ros/humble/opt/rviz_ogre_vendor/lib:/opt/ros/humble/lib/x86_64-linux-gnu:/opt/ros/humble/lib /usr/bin/cmake --build /home/dong/ros2_ws/build/unitree_legged_real -- -j8 -l8
[1.032s] [ 50%] [32mBuilding CXX object CMakeFiles/ros2_udp.dir/src/ros2_udp.cpp.o[0m
[1.032s] [ 50%] [32mBuilding CXX object CMakeFiles/ros2_walk_example.dir/src/ros2_walk_example.cpp.o[0m
[1.032s] [ 50%] [32mBuilding CXX object CMakeFiles/ros2_position_example.dir/src/ros2_position_example.cpp.o[0m
[3.030s] In file included from [01m[K/usr/include/boost/smart_ptr/detail/sp_thread_sleep.hpp:22[m[K,
[3.030s]                  from [01m[K/usr/include/boost/smart_ptr/detail/yield_k.hpp:23[m[K,
[3.030s]                  from [01m[K/usr/include/boost/smart_ptr/detail/spinlock_gcc_atomic.hpp:14[m[K,
[3.030s]                  from [01m[K/usr/include/boost/smart_ptr/detail/spinlock.hpp:42[m[K,
[3.030s]                  from [01m[K/usr/include/boost/smart_ptr/detail/spinlock_pool.hpp:25[m[K,
[3.030s]                  from [01m[K/usr/include/boost/smart_ptr/shared_ptr.hpp:29[m[K,
[3.030s]                  from [01m[K/usr/include/boost/shared_ptr.hpp:17[m[K,
[3.030s]                  from [01m[K/home/dong/ros2_ws/src/unitree_ros2_to_real/unitree_legged_sdk/include/unitree_legged_sdk/loop.h:14[m[K,
[3.030s]                  from [01m[K/home/dong/ros2_ws/src/unitree_ros2_to_real/unitree_legged_sdk/include/unitree_legged_sdk/unitree_legged_sdk.h:11[m[K,
[3.030s]                  from [01m[K/home/dong/ros2_ws/src/unitree_ros2_to_real/src/ros2_position_example.cpp:6[m[K:
[3.030s] [01m[K/usr/include/boost/bind.hpp:36:1:[m[K [01;36m[Knote: [m[K‚Äò[01m[K#pragma message: The practice of declaring the Bind placeholders (_1, _2, ...) in the global namespace is deprecated. Please use <boost/bind/bind.hpp> + using namespace boost::placeholders, or define BOOST_BIND_GLOBAL_PLACEHOLDERS to retain the current behavior.[m[K‚Äô
[3.030s]    36 | [01;36m[KBOOST_PRAGMA_MESSAGE[m[K(
[3.030s]       | [01;36m[K^~~~~~~~~~~~~~~~~~~~[m[K
[3.033s] In file included from [01m[K/usr/include/boost/smart_ptr/detail/sp_thread_sleep.hpp:22[m[K,
[3.033s]                  from [01m[K/usr/include/boost/smart_ptr/detail/yield_k.hpp:23[m[K,
[3.033s]                  from [01m[K/usr/include/boost/smart_ptr/detail/spinlock_gcc_atomic.hpp:14[m[K,
[3.033s]                  from [01m[K/usr/include/boost/smart_ptr/detail/spinlock.hpp:42[m[K,
[3.033s]                  from [01m[K/usr/include/boost/smart_ptr/detail/spinlock_pool.hpp:25[m[K,
[3.033s]                  from [01m[K/usr/include/boost/smart_ptr/shared_ptr.hpp:29[m[K,
[3.033s]                  from [01m[K/usr/include/boost/shared_ptr.hpp:17[m[K,
[3.033s]                  from [01m[K/home/dong/ros2_ws/src/unitree_ros2_to_real/unitree_legged_sdk/include/unitree_legged_sdk/loop.h:14[m[K,
[3.033s]                  from [01m[K/home/dong/ros2_ws/src/unitree_ros2_to_real/unitree_legged_sdk/include/unitree_legged_sdk/unitree_legged_sdk.h:11[m[K,
[3.033s]                  from [01m[K/home/dong/ros2_ws/src/unitree_ros2_to_real/src/ros2_walk_example.cpp:6[m[K:
[3.033s] [01m[K/usr/include/boost/bind.hpp:36:1:[m[K [01;36m[Knote: [m[K‚Äò[01m[K#pragma message: The practice of declaring the Bind placeholders (_1, _2, ...) in the global namespace is deprecated. Please use <boost/bind/bind.hpp> + using namespace boost::placeholders, or define BOOST_BIND_GLOBAL_PLACEHOLDERS to retain the current behavior.[m[K‚Äô
[3.033s]    36 | [01;36m[KBOOST_PRAGMA_MESSAGE[m[K(
[3.033s]       | [01;36m[K^~~~~~~~~~~~~~~~~~~~[m[K
[3.033s] In file included from [01m[K/usr/include/boost/smart_ptr/detail/sp_thread_sleep.hpp:22[m[K,
[3.034s]                  from [01m[K/usr/include/boost/smart_ptr/detail/yield_k.hpp:23[m[K,
[3.034s]                  from [01m[K/usr/include/boost/smart_ptr/detail/spinlock_gcc_atomic.hpp:14[m[K,
[3.034s]                  from [01m[K/usr/include/boost/smart_ptr/detail/spinlock.hpp:42[m[K,
[3.034s]                  from [01m[K/usr/include/boost/smart_ptr/detail/spinlock_pool.hpp:25[m[K,
[3.034s]                  from [01m[K/usr/include/boost/smart_ptr/shared_ptr.hpp:29[m[K,
[3.034s]                  from [01m[K/usr/include/boost/shared_ptr.hpp:17[m[K,
[3.034s]                  from [01m[K/home/dong/ros2_ws/src/unitree_ros2_to_real/unitree_legged_sdk/include/unitree_legged_sdk/loop.h:14[m[K,
[3.034s]                  from [01m[K/home/dong/ros2_ws/src/unitree_ros2_to_real/unitree_legged_sdk/include/unitree_legged_sdk/unitree_legged_sdk.h:11[m[K,
[3.034s]                  from [01m[K/home/dong/ros2_ws/src/unitree_ros2_to_real/src/ros2_udp.cpp:6[m[K:
[3.034s] [01m[K/usr/include/boost/bind.hpp:36:1:[m[K [01;36m[Knote: [m[K‚Äò[01m[K#pragma message: The practice of declaring the Bind placeholders (_1, _2, ...) in the global namespace is deprecated. Please use <boost/bind/bind.hpp> + using namespace boost::placeholders, or define BOOST_BIND_GLOBAL_PLACEHOLDERS to retain the current behavior.[m[K‚Äô
[3.034s]    36 | [01;36m[KBOOST_PRAGMA_MESSAGE[m[K(
[3.034s]       | [01;36m[K^~~~~~~~~~~~~~~~~~~~[m[K
[3.034s] In file included from [01m[K/home/dong/ros2_ws/src/unitree_ros2_to_real/src/ros2_position_example.cpp:7[m[K:
[3.034s] [01m[K/home/dong/ros2_ws/src/unitree_ros2_to_real/include/convert.h:[m[K In function ‚Äò[01m[KUNITREE_LEGGED_SDK::HighCmd rosMsg2Cmd(const SharedPtr&)[m[K‚Äô:
[3.034s] [01m[K/home/dong/ros2_ws/src/unitree_ros2_to_real/include/convert.h:44:13:[m[K [01;31m[Kerror: [m[K‚Äò[01m[Kstruct UNITREE_LEGGED_SDK::HighCmd[m[K‚Äô has no member named ‚Äò[01m[Kposition[m[K‚Äô; did you mean ‚Äò[01m[Kpostion[m[K‚Äô?
[3.034s]    44 |         cmd.[01;31m[Kposition[m[K[i] = msg->position[i];
[3.034s]       |             [01;31m[K^~~~~~~~[m[K
[3.034s]       |             [32m[Kpostion[m[K
[3.037s] In file included from [01m[K/home/dong/ros2_ws/src/unitree_ros2_to_real/src/ros2_walk_example.cpp:7[m[K:
[3.037s] [01m[K/home/dong/ros2_ws/src/unitree_ros2_to_real/include/convert.h:[m[K In function ‚Äò[01m[KUNITREE_LEGGED_SDK::HighCmd rosMsg2Cmd(const SharedPtr&)[m[K‚Äô:
[3.037s] [01m[K/home/dong/ros2_ws/src/unitree_ros2_to_real/include/convert.h:44:13:[m[K [01;31m[Kerror: [m[K‚Äò[01m[Kstruct UNITREE_LEGGED_SDK::HighCmd[m[K‚Äô has no member named ‚Äò[01m[Kposition[m[K‚Äô; did you mean ‚Äò[01m[Kpostion[m[K‚Äô?
[3.037s]    44 |         cmd.[01;31m[Kposition[m[K[i] = msg->position[i];
[3.037s]       |             [01;31m[K^~~~~~~~[m[K
[3.037s]       |             [32m[Kpostion[m[K
[3.037s] In file included from [01m[K/home/dong/ros2_ws/src/unitree_ros2_to_real/src/ros2_udp.cpp:7[m[K:
[3.037s] [01m[K/home/dong/ros2_ws/src/unitree_ros2_to_real/include/convert.h:[m[K In function ‚Äò[01m[KUNITREE_LEGGED_SDK::HighCmd rosMsg2Cmd(const SharedPtr&)[m[K‚Äô:
[3.037s] [01m[K/home/dong/ros2_ws/src/unitree_ros2_to_real/include/convert.h:44:13:[m[K [01;31m[Kerror: [m[K‚Äò[01m[Kstruct UNITREE_LEGGED_SDK::HighCmd[m[K‚Äô has no member named ‚Äò[01m[Kposition[m[K‚Äô; did you mean ‚Äò[01m[Kpostion[m[K‚Äô?
[3.038s]    44 |         cmd.[01;31m[Kposition[m[K[i] = msg->position[i];
[3.038s]       |             [01;31m[K^~~~~~~~[m[K
[3.038s]       |             [32m[Kpostion[m[K
[3.660s] gmake[2]: *** [CMakeFiles/ros2_position_example.dir/build.make:76: CMakeFiles/ros2_position_example.dir/src/ros2_position_example.cpp.o] Ïò§Î•ò 1
[3.660s] gmake[1]: *** [CMakeFiles/Makefile2:193: CMakeFiles/ros2_position_example.dir/all] Ïò§Î•ò 2
[3.660s] gmake[1]: *** ÎÅùÎÇòÏßÄ ÏïäÏùÄ ÏûëÏóÖÏùÑ Í∏∞Îã§Î¶¨Í≥† ÏûàÏäµÎãàÎã§....
[3.664s] gmake[2]: *** [CMakeFiles/ros2_walk_example.dir/build.make:76: CMakeFiles/ros2_walk_example.dir/src/ros2_walk_example.cpp.o] Ïò§Î•ò 1
[3.664s] gmake[1]: *** [CMakeFiles/Makefile2:167: CMakeFiles/ros2_walk_example.dir/all] Ïò§Î•ò 2
[5.424s] gmake[2]: *** [CMakeFiles/ros2_udp.dir/build.make:76: CMakeFiles/ros2_udp.dir/src/ros2_udp.cpp.o] Ïò§Î•ò 1
[5.425s] gmake[1]: *** [CMakeFiles/Makefile2:141: CMakeFiles/ros2_udp.dir/all] Ïò§Î•ò 2
[5.425s] gmake: *** [Makefile:146: all] Ïò§Î•ò 2
[5.426s] Invoked command in '/home/dong/ros2_ws/build/unitree_legged_real' returned '2': CMAKE_PREFIX_PATH=/home/dong/ros2_ws/install/ros2_unitree_legged_msgs:/home/dong/ros2_ws/install/unitree_legged_real:/opt/ros/humble LD_LIBRARY_PATH=/home/dong/ros2_ws/install/ros2_unitree_legged_msgs/lib:/home/dong/ros2_ws/install/unitree_legged_real/lib:/opt/ros/humble/opt/rviz_ogre_vendor/lib:/opt/ros/humble/lib/x86_64-linux-gnu:/opt/ros/humble/lib /usr/bin/cmake --build /home/dong/ros2_ws/build/unitree_legged_real -- -j8 -l8
